INFO:__main__:Loading preprocessed data...
INFO:__main__:Training data: (53201, 49)
INFO:__main__:Test data: (13301, 49)
INFO:__main__:
============================================================
INFO:__main__:Cross-validation: 5-fold
INFO:__main__:============================================================
INFO:__main__:Creating Gradient Boosting model with params: {'n_estimators': 100, 'learning_rate': 0.1, 'max_depth': 5, 'min_samples_split': 20, 'min_samples_leaf': 10, 'subsample': 0.8, 'random_state': 42, 'verbose': 0}
[Parallel(n_jobs=-1)]: Using backend LokyBackend with 8 concurrent workers.

======================================================================
STEP 1: GRADIENT BOOSTING BASELINE
======================================================================
[Parallel(n_jobs=-1)]: Done   2 out of   5 | elapsed:  1.0min remaining:  1.5min
[Parallel(n_jobs=-1)]: Done   5 out of   5 | elapsed:  1.0min finished
INFO:__main__:
CV Results:
INFO:__main__:  Accuracy: 0.6763 (+/- 0.0022)
INFO:__main__:  Individual scores: ['0.6745', '0.6801', '0.6771', '0.6738', '0.6759']
INFO:__main__:  Time: 60.71 seconds
INFO:__main__:
============================================================
INFO:__main__:Training GRADIENTBOOSTING model
INFO:__main__:============================================================
INFO:__main__:Training samples: 53201
INFO:__main__:Features: 49
INFO:__main__:Class distribution: {np.int64(0): np.int64(26600), np.int64(1): np.int64(26601)}
INFO:__main__:Creating Gradient Boosting model with params: {'n_estimators': 100, 'learning_rate': 0.1, 'max_depth': 5, 'min_samples_split': 20, 'min_samples_leaf': 10, 'subsample': 0.8, 'random_state': 42, 'verbose': 0}
INFO:__main__:Training completed in 55.56 seconds
Traceback (most recent call last):
  File "/Users/tudorghica/Desktop/lucky/match-prediction-system/src/model_trainer/train.py", line 411, in <module>
    main()
  File "/Users/tudorghica/Desktop/lucky/match-prediction-system/src/model_trainer/train.py", line 352, in main
    from src.model_trainer.evaluation import ModelEvaluator
ModuleNotFoundError: No module named 'src'
